2017-04-24 18:42:01 [::1][1][egrbl3ppnnopaq5qfttnrvlmf6][error][yii\base\UnknownMethodException] exception 'yii\base\UnknownMethodException' with message 'Calling unknown method: yii\widgets\ActiveField::dropDownListwidget()' in C:\wamp64\www\esqueleto\vendor\yiisoft\yii2\base\Component.php:285
Stack trace:
#0 C:\wamp64\www\esqueleto\views\modelo-docs\_form.php(40): yii\base\Component->__call('dropDownListwid...', Array)
#1 C:\wamp64\www\esqueleto\views\modelo-docs\_form.php(40): yii\widgets\ActiveField->dropDownListwidget(Array)
#2 C:\wamp64\www\esqueleto\vendor\yiisoft\yii2\base\View.php(325): require('C:\\wamp64\\www\\e...')
#3 C:\wamp64\www\esqueleto\vendor\yiisoft\yii2\base\View.php(247): yii\base\View->renderPhpFile('C:\\wamp64\\www\\e...', Array)
#4 C:\wamp64\www\esqueleto\vendor\yiisoft\yii2\base\View.php(149): yii\base\View->renderFile('C:\\wamp64\\www\\e...', Array, NULL)
#5 C:\wamp64\www\esqueleto\views\modelo-docs\update.php(18): yii\base\View->render('_form', Array)
#6 C:\wamp64\www\esqueleto\vendor\yiisoft\yii2\base\View.php(325): require('C:\\wamp64\\www\\e...')
#7 C:\wamp64\www\esqueleto\vendor\yiisoft\yii2\base\View.php(247): yii\base\View->renderPhpFile('C:\\wamp64\\www\\e...', Array)
#8 C:\wamp64\www\esqueleto\vendor\yiisoft\yii2\base\View.php(149): yii\base\View->renderFile('C:\\wamp64\\www\\e...', Array, Object(app\modules\admin\controllers\ModeloDocsController))
#9 C:\wamp64\www\esqueleto\vendor\yiisoft\yii2\base\Controller.php(378): yii\base\View->render('update', Array, Object(app\modules\admin\controllers\ModeloDocsController))
#10 C:\wamp64\www\esqueleto\projeto\web\Controller.php(100): yii\base\Controller->render('update', Array)
#11 C:\wamp64\www\esqueleto\controllers\ModeloDocsController.php(85): projeto\web\Controller->render('update', Array)
#12 [internal function]: app\controllers\ModeloDocsController->actionUpdate('59')
#13 C:\wamp64\www\esqueleto\vendor\yiisoft\yii2\base\InlineAction.php(55): call_user_func_array(Array, Array)
#14 C:\wamp64\www\esqueleto\vendor\yiisoft\yii2\base\Controller.php(154): yii\base\InlineAction->runWithParams(Array)
#15 C:\wamp64\www\esqueleto\vendor\yiisoft\yii2\base\Module.php(454): yii\base\Controller->runAction('update', Array)
#16 C:\wamp64\www\esqueleto\vendor\yiisoft\yii2\web\Application.php(87): yii\base\Module->runAction('admin/modelo-do...', Array)
#17 C:\wamp64\www\esqueleto\vendor\yiisoft\yii2\base\Application.php(375): yii\web\Application->handleRequest(Object(yii\web\Request))
#18 C:\wamp64\www\esqueleto\web\index.php(27): yii\base\Application->run()
#19 {main}
2017-04-24 18:42:01 [::1][1][egrbl3ppnnopaq5qfttnrvlmf6][info][application] $_GET = [
    'id' => '59'
]

$_COOKIE = [
    '__utma' => '111872281.830102248.1488910131.1493054714.1493059909.61'
    '__utmz' => '111872281.1488910131.1.1.utmcsr=(direct)|utmccn=(direct)|utmcmd=(none)'
    '_ga' => 'GA1.1.830102248.1488910131'
    'snis_h' => 'rc6e7dorkr8ha9t9fjihdh4v83'
    '__utmc' => '111872281'
    'sinisa_test' => '3br4tpddu1t120fhmk2n5m87g6'
    '_csrf' => 'e49c03a64b10ed56888cc639ce9c45c5ef8e17ce3b4ff995e69443725d648a05a:2:{i:0;s:5:\"_csrf\";i:1;s:32:\"rSMGZUViyk3xUNW9bSfoq-AxDahPIHr2\";}'
    'PHPSESSID' => 'q7gj5i04mv8o6pr9v7scdbs2a0'
    'projeto_dev' => 'egrbl3ppnnopaq5qfttnrvlmf6'
    'sinisa_dev' => 'eau619gror4q95u6aqdgtcn6h6'
    '__swuid' => '1'
    '__swto' => '1493077187'
]

$_SESSION = [
    '__flash' => []
    'sessao-expirada' => '/esqueleto/web/admin/modulos'
    '__returnUrl' => '/esqueleto/web/admin/modulos'
    '__id' => '1'
]

$_SERVER = [
    'REDIRECT_STATUS' => '200'
    'HTTP_HOST' => 'localhost'
    'HTTP_USER_AGENT' => 'Mozilla/5.0 (Windows NT 10.0; WOW64; rv:52.0) Gecko/20100101 Firefox/52.0'
    'HTTP_ACCEPT' => 'text/html,application/xhtml+xml,application/xml;q=0.9,*/*;q=0.8'
    'HTTP_ACCEPT_LANGUAGE' => 'pt-BR,pt;q=0.8,en-US;q=0.5,en;q=0.3'
    'HTTP_ACCEPT_ENCODING' => 'gzip, deflate'
    'HTTP_REFERER' => 'http://localhost/esqueleto/web/admin/modelo-docs/view?id=59'
    'HTTP_COOKIE' => '__utma=111872281.830102248.1488910131.1493054714.1493059909.61; __utmz=111872281.1488910131.1.1.utmcsr=(direct)|utmccn=(direct)|utmcmd=(none); _ga=GA1.1.830102248.1488910131; snis_h=rc6e7dorkr8ha9t9fjihdh4v83; __utmc=111872281; sinisa_test=3br4tpddu1t120fhmk2n5m87g6; _csrf=e49c03a64b10ed56888cc639ce9c45c5ef8e17ce3b4ff995e69443725d648a05a%3A2%3A%7Bi%3A0%3Bs%3A5%3A%22_csrf%22%3Bi%3A1%3Bs%3A32%3A%22rSMGZUViyk3xUNW9bSfoq-AxDahPIHr2%22%3B%7D; PHPSESSID=q7gj5i04mv8o6pr9v7scdbs2a0; projeto_dev=egrbl3ppnnopaq5qfttnrvlmf6; sinisa_dev=eau619gror4q95u6aqdgtcn6h6; __swuid=1; __swto=1493077187'
    'HTTP_CONNECTION' => 'keep-alive'
    'HTTP_UPGRADE_INSECURE_REQUESTS' => '1'
    'HTTP_CACHE_CONTROL' => 'max-age=0'
    'PATH' => 'C:\\Program Files (x86)\\Intel\\iCLS Client\\;C:\\Program Files\\Intel\\iCLS Client\\;C:\\Windows\\system32;C:\\Windows;C:\\Windows\\System32\\Wbem;C:\\Windows\\System32\\WindowsPowerShell\\v1.0\\;C:\\Program Files (x86)\\Intel\\Intel(R) Management Engine Components\\DAL;C:\\Program Files\\Intel\\Intel(R) Management Engine Components\\DAL;C:\\Program Files (x86)\\Intel\\Intel(R) Management Engine Components\\IPT;C:\\Program Files\\Intel\\Intel(R) Management Engine Components\\IPT;C:\\Program Files (x86)\\NVIDIA Corporation\\PhysX\\Common;C:\\wamp64\\bin\\php\\php5.6.16;C:\\ProgramData\\ComposerSetup\\bin;C:\\Program Files\\TortoiseSVN\\bin;C:\\Program Files\\MySQL\\MySQL Utilities 1.6\\;C:\\Program Files\\Git\\cmd;'
    'SystemRoot' => 'C:\\Windows'
    'COMSPEC' => 'C:\\Windows\\system32\\cmd.exe'
    'PATHEXT' => '.COM;.EXE;.BAT;.CMD;.VBS;.VBE;.JS;.JSE;.WSF;.WSH;.MSC'
    'WINDIR' => 'C:\\Windows'
    'SERVER_SIGNATURE' => '<address>Apache/2.4.17 (Win64) PHP/5.6.16 Server at localhost Port 80</address>
'
    'SERVER_SOFTWARE' => 'Apache/2.4.17 (Win64) PHP/5.6.16'
    'SERVER_NAME' => 'localhost'
    'SERVER_ADDR' => '::1'
    'SERVER_PORT' => '80'
    'REMOTE_ADDR' => '::1'
    'DOCUMENT_ROOT' => 'C:/wamp64/www/'
    'REQUEST_SCHEME' => 'http'
    'CONTEXT_PREFIX' => ''
    'CONTEXT_DOCUMENT_ROOT' => 'C:/wamp64/www/'
    'SERVER_ADMIN' => 'admin@example.com'
    'SCRIPT_FILENAME' => 'C:/wamp64/www/esqueleto/web/index.php'
    'REMOTE_PORT' => '55087'
    'REDIRECT_QUERY_STRING' => 'id=59'
    'REDIRECT_URL' => 'http://localhost/esqueleto/web/admin/modelo-docs/update?id=59'
    'GATEWAY_INTERFACE' => 'CGI/1.1'
    'SERVER_PROTOCOL' => 'HTTP/1.1'
    'REQUEST_METHOD' => 'GET'
    'QUERY_STRING' => 'id=59'
    'REQUEST_URI' => '/esqueleto/web/admin/modelo-docs/update?id=59'
    'SCRIPT_NAME' => '/esqueleto/web/index.php'
    'PHP_SELF' => '/esqueleto/web/index.php'
    'REQUEST_TIME_FLOAT' => 1493070121.615
    'REQUEST_TIME' => 1493070121
]
